2026-06-03T06:45:21.231Z Upload validation error Error: Unsupported file type. Allowed: .pdf, .docx, .txt, .csv
    at fileFilter (C:\Users\ASUS\qa-bot\src\utils\upload.ts:28:10)
    at wrappedFileFilter (C:\Users\ASUS\qa-bot\node_modules\multer\index.js:45:7)
    at Multipart.<anonymous> (C:\Users\ASUS\qa-bot\node_modules\multer\lib\make-middleware.js:183:7)
    at Multipart.emit (node:events:509:28)
    at HeaderParser.cb (C:\Users\ASUS\qa-bot\node_modules\busboy\lib\types\multipart.js:358:14)
    at HeaderParser.push (C:\Users\ASUS\qa-bot\node_modules\busboy\lib\types\multipart.js:162:20)
    at SBMH.ssCb [as _cb] (C:\Users\ASUS\qa-bot\node_modules\busboy\lib\types\multipart.js:394:37)
    at feed (C:\Users\ASUS\qa-bot\node_modules\streamsearch\lib\sbmh.js:219:14)
    at SBMH.push (C:\Users\ASUS\qa-bot\node_modules\streamsearch\lib\sbmh.js:104:16)
    at Multipart._write (C:\Users\ASUS\qa-bot\node_modules\busboy\lib\types\multipart.js:567:19)
    at writeOrBuffer (node:internal/streams/writable:570:12)
    at _write (node:internal/streams/writable:499:10)
    at Writable.write (node:internal/streams/writable:508:10)
    at IncomingMessage.ondata (node:internal/streams/readable:1012:24)
    at IncomingMessage.emit (node:events:509:28)
    at Readable.read (node:internal/streams/readable:784:10)
2026-06-03T06:49:25.068Z Upload validation error Error: Unsupported file type. Allowed: .pdf, .docx, .txt, .csv
    at fileFilter (C:\Users\ASUS\qa-bot\src\utils\upload.ts:28:10)
    at wrappedFileFilter (C:\Users\ASUS\qa-bot\node_modules\multer\index.js:45:7)
    at Multipart.<anonymous> (C:\Users\ASUS\qa-bot\node_modules\multer\lib\make-middleware.js:183:7)
    at Multipart.emit (node:events:509:28)
    at HeaderParser.cb (C:\Users\ASUS\qa-bot\node_modules\busboy\lib\types\multipart.js:358:14)
    at HeaderParser.push (C:\Users\ASUS\qa-bot\node_modules\busboy\lib\types\multipart.js:162:20)
    at SBMH.ssCb [as _cb] (C:\Users\ASUS\qa-bot\node_modules\busboy\lib\types\multipart.js:394:37)
    at feed (C:\Users\ASUS\qa-bot\node_modules\streamsearch\lib\sbmh.js:219:14)
    at SBMH.push (C:\Users\ASUS\qa-bot\node_modules\streamsearch\lib\sbmh.js:104:16)
    at Multipart._write (C:\Users\ASUS\qa-bot\node_modules\busboy\lib\types\multipart.js:567:19)
    at writeOrBuffer (node:internal/streams/writable:570:12)
    at _write (node:internal/streams/writable:499:10)
    at Writable.write (node:internal/streams/writable:508:10)
    at IncomingMessage.ondata (node:internal/streams/readable:1012:24)
    at IncomingMessage.emit (node:events:509:28)
    at Readable.read (node:internal/streams/readable:784:10)
2026-06-03T06:52:05.231Z Upload validation error Error: Unsupported file type. Allowed: .pdf, .docx, .txt, .csv
    at fileFilter (C:\Users\ASUS\qa-bot\src\utils\upload.ts:28:10)
    at wrappedFileFilter (C:\Users\ASUS\qa-bot\node_modules\multer\index.js:45:7)
    at Multipart.<anonymous> (C:\Users\ASUS\qa-bot\node_modules\multer\lib\make-middleware.js:183:7)
    at Multipart.emit (node:events:509:28)
    at HeaderParser.cb (C:\Users\ASUS\qa-bot\node_modules\busboy\lib\types\multipart.js:358:14)
    at HeaderParser.push (C:\Users\ASUS\qa-bot\node_modules\busboy\lib\types\multipart.js:162:20)
    at SBMH.ssCb [as _cb] (C:\Users\ASUS\qa-bot\node_modules\busboy\lib\types\multipart.js:394:37)
    at feed (C:\Users\ASUS\qa-bot\node_modules\streamsearch\lib\sbmh.js:219:14)
    at SBMH.push (C:\Users\ASUS\qa-bot\node_modules\streamsearch\lib\sbmh.js:104:16)
    at Multipart._write (C:\Users\ASUS\qa-bot\node_modules\busboy\lib\types\multipart.js:567:19)
    at writeOrBuffer (node:internal/streams/writable:570:12)
    at _write (node:internal/streams/writable:499:10)
    at Writable.write (node:internal/streams/writable:508:10)
    at IncomingMessage.ondata (node:internal/streams/readable:1012:24)
    at IncomingMessage.emit (node:events:509:28)
    at Readable.read (node:internal/streams/readable:784:10)
2026-06-03T07:06:25.565Z Upload validation error Error: Unsupported file type. Allowed: .pdf, .docx, .txt, .csv
    at fileFilter (C:\Users\ASUS\qa-bot\src\utils\upload.ts:28:10)
    at wrappedFileFilter (C:\Users\ASUS\qa-bot\node_modules\multer\index.js:45:7)
    at Multipart.<anonymous> (C:\Users\ASUS\qa-bot\node_modules\multer\lib\make-middleware.js:183:7)
    at Multipart.emit (node:events:509:28)
    at HeaderParser.cb (C:\Users\ASUS\qa-bot\node_modules\busboy\lib\types\multipart.js:358:14)
    at HeaderParser.push (C:\Users\ASUS\qa-bot\node_modules\busboy\lib\types\multipart.js:162:20)
    at SBMH.ssCb [as _cb] (C:\Users\ASUS\qa-bot\node_modules\busboy\lib\types\multipart.js:394:37)
    at feed (C:\Users\ASUS\qa-bot\node_modules\streamsearch\lib\sbmh.js:219:14)
    at SBMH.push (C:\Users\ASUS\qa-bot\node_modules\streamsearch\lib\sbmh.js:104:16)
    at Multipart._write (C:\Users\ASUS\qa-bot\node_modules\busboy\lib\types\multipart.js:567:19)
    at writeOrBuffer (node:internal/streams/writable:570:12)
    at _write (node:internal/streams/writable:499:10)
    at Writable.write (node:internal/streams/writable:508:10)
    at IncomingMessage.ondata (node:internal/streams/readable:1012:24)
    at IncomingMessage.emit (node:events:509:28)
    at Readable.read (node:internal/streams/readable:784:10)
